PLINK v1.90b3f 64-bit (2 Mar 2015) 
11 arguments: --bfile ../results/geno_qc --covar ../data/covs.txt --linear --out ../results/bmi_clean --pheno ../data/phen.txt --pheno-name BMI
Hostname: node32-003
Working directory: /panfs/panasas01/sscm/epxlp/Genetic_short_course_2016/pract3_GWAS/results
Start time: Fri Feb 12 16:59:52 2016

Random number seed: 1455296392
64498 MB RAM detected; reserving 32249 MB for main workspace.
463017 variants loaded from .bim file.
8237 people (4218 males, 4019 females) loaded from .fam.
8237 phenotype values present after --pheno.
Using 1 thread (no multithreaded calculations invoked).
--covar: 13 covariates loaded.
Before main variant filters, 8237 founders and 0 nonfounders present.
Calculating allele frequencies... done.
Total genotyping rate is 0.999999.
463017 variants and 8237 people pass filters and QC.
Phenotype data is quantitative.
Writing linear model association results to ../results/bmi_clean.assoc.linear
... done.

End time: Fri Feb 12 17:42:50 2016
