PLINK v1.90b3f 64-bit (2 Mar 2015) 
9 arguments: --bfile data/snp --cluster --mds-plot 2 --out /newhome/ms13525/pract12_output/plink --read-genome /newhome/ms13525/pract12_output/plink.genome
Hostname: node32-006
Working directory: /panfs/panasas01/sscm/shortcourse/genetic.epidemiology/pract12_meqtl
Start time: Fri May 10 12:06:20 2019

Random number seed: 1557486380
64496 MB RAM detected; reserving 32248 MB for main workspace.
178232 variants loaded from .bim file.
57 people (29 males, 28 females) loaded from .fam.
Using 1 thread (no multithreaded calculations invoked).
Before main variant filters, 0 founders and 57 nonfounders present.
Calculating allele frequencies... done.
Total genotyping rate is 0.959197.
178232 variants and 57 people pass filters and QC.
Note: No phenotypes present.
Clustering... done.
Cluster solution written to /newhome/ms13525/pract12_output/plink.cluster1 ,
/newhome/ms13525/pract12_output/plink.cluster2 , and
/newhome/ms13525/pract12_output/plink.cluster3 .
Performing multidimensional scaling analysis (2 dimensions)... done.
MDS solution written to /newhome/ms13525/pract12_output/plink.mds .

End time: Fri May 10 12:06:20 2019
